This file contains any messages produced by compilers while
running configure, to aid debugging if configure makes a mistake.

It was created by configure, which was
generated by GNU Autoconf 2.63.  Invocation command line was

  $ ./configure CC=/usr/bin/gcc CXX=/usr/bin/g++ CFLAGS=-g3 -gdwarf-2 CXXFLAGS=-g3 -gdwarf-2

## --------- ##
## Platform. ##
## --------- ##

hostname = aharacle.inf.ed.ac.uk
uname -m = x86_64
uname -r = 2.6.32-279.11.1.el6.x86_64
uname -s = Linux
uname -v = #1 SMP Tue Oct 16 11:16:02 CDT 2012

/usr/bin/uname -p = unknown
/bin/uname -X     = unknown

/bin/arch              = x86_64
/usr/bin/arch -k       = unknown
/usr/convex/getsysinfo = unknown
/usr/bin/hostinfo      = unknown
/bin/machine           = unknown
/usr/bin/oslevel       = unknown
/bin/universe          = unknown

PATH: /usr/bin
PATH: /bin
PATH: /usr/bin
PATH: /usr/lib64/qt-3.3/bin
PATH: /usr/local/bin/
PATH: /usr/games
PATH: /usr/local/sbin
PATH: /usr/bin
PATH: /bin
PATH: /opt/sicstus-4.0.1/bin


## ----------- ##
## Core tests. ##
## ----------- ##

configure:1921: checking build system type
configure:1939: result: x86_64-unknown-linux-gnu
configure:1961: checking host system type
configure:1976: result: x86_64-unknown-linux-gnu
configure:1998: checking target system type
configure:2013: result: x86_64-unknown-linux-gnu
configure:2057: checking for a BSD-compatible install
configure:2125: result: /usr/bin/install -c
configure:2136: checking whether build environment is sane
configure:2196: result: yes
configure:2337: checking for a thread-safe mkdir -p
configure:2376: result: /bin/mkdir -p
configure:2389: checking for gawk
configure:2405: found /usr/bin/gawk
configure:2416: result: gawk
configure:2427: checking whether make sets $(MAKE)
configure:2449: result: yes
configure:2572: checking for gcc
configure:2599: result: /usr/bin/gcc
configure:2831: checking for C compiler version
configure:2839: /usr/bin/gcc --version >&5
gcc (GCC) 4.4.6 20120305 (Red Hat 4.4.6-4)
Copyright (C) 2010 Free Software Foundation, Inc.
This is free software; see the source for copying conditions.  There is NO
warranty; not even for MERCHANTABILITY or FITNESS FOR A PARTICULAR PURPOSE.

configure:2843: $? = 0
configure:2850: /usr/bin/gcc -v >&5
Using built-in specs.
Target: x86_64-redhat-linux
Configured with: ../configure --prefix=/usr --mandir=/usr/share/man --infodir=/usr/share/info --with-bugurl=http://bugzilla.redhat.com/bugzilla --enable-bootstrap --enable-shared --enable-threads=posix --enable-checking=release --with-system-zlib --enable-__cxa_atexit --disable-libunwind-exceptions --enable-gnu-unique-object --enable-languages=c,c++,objc,obj-c++,java,fortran,ada --enable-java-awt=gtk --disable-dssi --with-java-home=/usr/lib/jvm/java-1.5.0-gcj-1.5.0.0/jre --enable-libgcj-multifile --enable-java-maintainer-mode --with-ecj-jar=/usr/share/java/eclipse-ecj.jar --disable-libjava-multilib --with-ppl --with-cloog --with-tune=generic --with-arch_32=i686 --build=x86_64-redhat-linux
Thread model: posix
gcc version 4.4.6 20120305 (Red Hat 4.4.6-4) (GCC) 
configure:2854: $? = 0
configure:2861: /usr/bin/gcc -V >&5
gcc: '-V' option must have argument
configure:2865: $? = 1
configure:2888: checking for C compiler default output file name
configure:2910: /usr/bin/gcc -g3 -gdwarf-2   conftest.c  >&5
configure:2914: $? = 0
configure:2952: result: a.out
configure:2971: checking whether the C compiler works
configure:2981: ./a.out
configure:2985: $? = 0
configure:3004: result: yes
configure:3011: checking whether we are cross compiling
configure:3013: result: no
configure:3016: checking for suffix of executables
configure:3023: /usr/bin/gcc -o conftest -g3 -gdwarf-2   conftest.c  >&5
configure:3027: $? = 0
configure:3053: result: 
configure:3059: checking for suffix of object files
configure:3085: /usr/bin/gcc -c -g3 -gdwarf-2  conftest.c >&5
configure:3089: $? = 0
configure:3114: result: o
configure:3118: checking whether we are using the GNU C compiler
configure:3147: /usr/bin/gcc -c -g3 -gdwarf-2  conftest.c >&5
configure:3154: $? = 0
configure:3171: result: yes
configure:3180: checking whether /usr/bin/gcc accepts -g
configure:3210: /usr/bin/gcc -c -g  conftest.c >&5
configure:3217: $? = 0
configure:3318: result: yes
configure:3335: checking for /usr/bin/gcc option to accept ISO C89
configure:3409: /usr/bin/gcc  -c -g3 -gdwarf-2  conftest.c >&5
configure:3416: $? = 0
configure:3439: result: none needed
configure:3468: checking for style of include used by make
configure:3496: result: GNU
configure:3521: checking dependency style of /usr/bin/gcc
configure:3631: result: none
configure:3758: checking for C++ compiler version
configure:3766: /usr/bin/g++ --version >&5
g++ (GCC) 4.4.6 20120305 (Red Hat 4.4.6-4)
Copyright (C) 2010 Free Software Foundation, Inc.
This is free software; see the source for copying conditions.  There is NO
warranty; not even for MERCHANTABILITY or FITNESS FOR A PARTICULAR PURPOSE.

configure:3770: $? = 0
configure:3777: /usr/bin/g++ -v >&5
Using built-in specs.
Target: x86_64-redhat-linux
Configured with: ../configure --prefix=/usr --mandir=/usr/share/man --infodir=/usr/share/info --with-bugurl=http://bugzilla.redhat.com/bugzilla --enable-bootstrap --enable-shared --enable-threads=posix --enable-checking=release --with-system-zlib --enable-__cxa_atexit --disable-libunwind-exceptions --enable-gnu-unique-object --enable-languages=c,c++,objc,obj-c++,java,fortran,ada --enable-java-awt=gtk --disable-dssi --with-java-home=/usr/lib/jvm/java-1.5.0-gcj-1.5.0.0/jre --enable-libgcj-multifile --enable-java-maintainer-mode --with-ecj-jar=/usr/share/java/eclipse-ecj.jar --disable-libjava-multilib --with-ppl --with-cloog --with-tune=generic --with-arch_32=i686 --build=x86_64-redhat-linux
Thread model: posix
gcc version 4.4.6 20120305 (Red Hat 4.4.6-4) (GCC) 
configure:3781: $? = 0
configure:3788: /usr/bin/g++ -V >&5
g++: '-V' option must have argument
configure:3792: $? = 1
configure:3795: checking whether we are using the GNU C++ compiler
configure:3824: /usr/bin/g++ -c -g3 -gdwarf-2  conftest.cpp >&5
configure:3831: $? = 0
configure:3848: result: yes
configure:3857: checking whether /usr/bin/g++ accepts -g
configure:3887: /usr/bin/g++ -c -g  conftest.cpp >&5
configure:3894: $? = 0
configure:3995: result: yes
configure:4020: checking dependency style of /usr/bin/g++
configure:4130: result: none
configure:4188: checking for ranlib
configure:4204: found /usr/bin/ranlib
configure:4215: result: ranlib
configure:4251: checking for a BSD-compatible install
configure:4319: result: /usr/bin/install -c
configure:4332: checking for sighandler_t
configure:4362: /usr/bin/gcc -c -g3 -gdwarf-2  conftest.c >&5
conftest.c: In function 'main':
conftest.c:14: error: 'sighandler_t' undeclared (first use in this function)
conftest.c:14: error: (Each undeclared identifier is reported only once
conftest.c:14: error: for each function it appears in.)
configure:4369: $? = 1
configure: failed program was:
| /* confdefs.h.  */
| #define PACKAGE_NAME ""
| #define PACKAGE_TARNAME ""
| #define PACKAGE_VERSION ""
| #define PACKAGE_STRING ""
| #define PACKAGE_BUGREPORT ""
| /* end confdefs.h.  */
| #include <sys/types.h>
|     #include <signal.h>
| 
| int
| main ()
| {
| if (sizeof (sighandler_t))
|        return 0;
|   ;
|   return 0;
| }
configure:4428: result: no
configure:4438: checking for sig_t
configure:4468: /usr/bin/gcc -c -g3 -gdwarf-2  conftest.c >&5
configure:4475: $? = 0
configure:4504: /usr/bin/gcc -c -g3 -gdwarf-2  conftest.c >&5
conftest.c: In function 'main':
conftest.c:14: error: expected expression before ')' token
configure:4511: $? = 1
configure: failed program was:
| /* confdefs.h.  */
| #define PACKAGE_NAME ""
| #define PACKAGE_TARNAME ""
| #define PACKAGE_VERSION ""
| #define PACKAGE_STRING ""
| #define PACKAGE_BUGREPORT ""
| /* end confdefs.h.  */
| #include <sys/types.h>
|     #include <signal.h>
| 
| int
| main ()
| {
| if (sizeof ((sig_t)))
| 	  return 0;
|   ;
|   return 0;
| }
configure:4534: result: yes
configure:4544: checking for __sighandler_t
configure:4574: /usr/bin/gcc -c -g3 -gdwarf-2  conftest.c >&5
configure:4581: $? = 0
configure:4610: /usr/bin/gcc -c -g3 -gdwarf-2  conftest.c >&5
conftest.c: In function 'main':
conftest.c:15: error: expected expression before ')' token
configure:4617: $? = 1
configure: failed program was:
| /* confdefs.h.  */
| #define PACKAGE_NAME ""
| #define PACKAGE_TARNAME ""
| #define PACKAGE_VERSION ""
| #define PACKAGE_STRING ""
| #define PACKAGE_BUGREPORT ""
| #define HAVE_SIG_T 1
| /* end confdefs.h.  */
| #include <sys/types.h>
|     #include <signal.h>
| 
| int
| main ()
| {
| if (sizeof ((__sighandler_t)))
| 	  return 0;
|   ;
|   return 0;
| }
configure:4640: result: yes
configure:4657: checking how to run the C preprocessor
configure:4697: /usr/bin/gcc -E  conftest.c
configure:4704: $? = 0
configure:4735: /usr/bin/gcc -E  conftest.c
conftest.c:10:28: error: ac_nonexistent.h: No such file or directory
configure:4742: $? = 1
configure: failed program was:
| /* confdefs.h.  */
| #define PACKAGE_NAME ""
| #define PACKAGE_TARNAME ""
| #define PACKAGE_VERSION ""
| #define PACKAGE_STRING ""
| #define PACKAGE_BUGREPORT ""
| #define HAVE_SIG_T 1
| #define HAVE___SIGHANDLER_T 1
| /* end confdefs.h.  */
| #include <ac_nonexistent.h>
configure:4775: result: /usr/bin/gcc -E
configure:4804: /usr/bin/gcc -E  conftest.c
configure:4811: $? = 0
configure:4842: /usr/bin/gcc -E  conftest.c
conftest.c:10:28: error: ac_nonexistent.h: No such file or directory
configure:4849: $? = 1
configure: failed program was:
| /* confdefs.h.  */
| #define PACKAGE_NAME ""
| #define PACKAGE_TARNAME ""
| #define PACKAGE_VERSION ""
| #define PACKAGE_STRING ""
| #define PACKAGE_BUGREPORT ""
| #define HAVE_SIG_T 1
| #define HAVE___SIGHANDLER_T 1
| /* end confdefs.h.  */
| #include <ac_nonexistent.h>
configure:4889: checking for grep that handles long lines and -e
configure:4949: result: /bin/grep
configure:4954: checking for egrep
configure:5018: result: /bin/grep -E
configure:5023: checking for ANSI C header files
configure:5053: /usr/bin/gcc -c -g3 -gdwarf-2  conftest.c >&5
configure:5060: $? = 0
configure:5159: /usr/bin/gcc -o conftest -g3 -gdwarf-2   conftest.c  >&5
configure:5163: $? = 0
configure:5169: ./conftest
configure:5173: $? = 0
configure:5191: result: yes
configure:5215: checking for sys/types.h
configure:5236: /usr/bin/gcc -c -g3 -gdwarf-2  conftest.c >&5
configure:5243: $? = 0
configure:5260: result: yes
configure:5215: checking for sys/stat.h
configure:5236: /usr/bin/gcc -c -g3 -gdwarf-2  conftest.c >&5
configure:5243: $? = 0
configure:5260: result: yes
configure:5215: checking for stdlib.h
configure:5236: /usr/bin/gcc -c -g3 -gdwarf-2  conftest.c >&5
configure:5243: $? = 0
configure:5260: result: yes
configure:5215: checking for string.h
configure:5236: /usr/bin/gcc -c -g3 -gdwarf-2  conftest.c >&5
configure:5243: $? = 0
configure:5260: result: yes
configure:5215: checking for memory.h
configure:5236: /usr/bin/gcc -c -g3 -gdwarf-2  conftest.c >&5
configure:5243: $? = 0
configure:5260: result: yes
configure:5215: checking for strings.h
configure:5236: /usr/bin/gcc -c -g3 -gdwarf-2  conftest.c >&5
configure:5243: $? = 0
configure:5260: result: yes
configure:5215: checking for inttypes.h
configure:5236: /usr/bin/gcc -c -g3 -gdwarf-2  conftest.c >&5
configure:5243: $? = 0
configure:5260: result: yes
configure:5215: checking for stdint.h
configure:5236: /usr/bin/gcc -c -g3 -gdwarf-2  conftest.c >&5
configure:5243: $? = 0
configure:5260: result: yes
configure:5215: checking for unistd.h
configure:5236: /usr/bin/gcc -c -g3 -gdwarf-2  conftest.c >&5
configure:5243: $? = 0
configure:5260: result: yes
configure:5274: checking for loff_t
configure:5302: /usr/bin/gcc -c -g3 -gdwarf-2  conftest.c >&5
configure:5309: $? = 0
configure:5336: /usr/bin/gcc -c -g3 -gdwarf-2  conftest.c >&5
conftest.c: In function 'main':
conftest.c:56: error: expected expression before ')' token
configure:5343: $? = 1
configure: failed program was:
| /* confdefs.h.  */
| #define PACKAGE_NAME ""
| #define PACKAGE_TARNAME ""
| #define PACKAGE_VERSION ""
| #define PACKAGE_STRING ""
| #define PACKAGE_BUGREPORT ""
| #define HAVE_SIG_T 1
| #define HAVE___SIGHANDLER_T 1
| #define STDC_HEADERS 1
| #define HAVE_SYS_TYPES_H 1
| #define HAVE_SYS_STAT_H 1
| #define HAVE_STDLIB_H 1
| #define HAVE_STRING_H 1
| #define HAVE_MEMORY_H 1
| #define HAVE_STRINGS_H 1
| #define HAVE_INTTYPES_H 1
| #define HAVE_STDINT_H 1
| #define HAVE_UNISTD_H 1
| /* end confdefs.h.  */
| #include <stdio.h>
| #ifdef HAVE_SYS_TYPES_H
| # include <sys/types.h>
| #endif
| #ifdef HAVE_SYS_STAT_H
| # include <sys/stat.h>
| #endif
| #ifdef STDC_HEADERS
| # include <stdlib.h>
| # include <stddef.h>
| #else
| # ifdef HAVE_STDLIB_H
| #  include <stdlib.h>
| # endif
| #endif
| #ifdef HAVE_STRING_H
| # if !defined STDC_HEADERS && defined HAVE_MEMORY_H
| #  include <memory.h>
| # endif
| # include <string.h>
| #endif
| #ifdef HAVE_STRINGS_H
| # include <strings.h>
| #endif
| #ifdef HAVE_INTTYPES_H
| # include <inttypes.h>
| #endif
| #ifdef HAVE_STDINT_H
| # include <stdint.h>
| #endif
| #ifdef HAVE_UNISTD_H
| # include <unistd.h>
| #endif
| int
| main ()
| {
| if (sizeof ((loff_t)))
| 	  return 0;
|   ;
|   return 0;
| }
configure:5366: result: yes
configure:5384: checking if gcc accepts -flax-vector-conversions option
configure:5404: cat conftest.c 1>&5
int main() { return 0; }
configure:5407: $? = 0
configure:5410: /usr/bin/gcc  -flax-vector-conversions -c conftest.c 1>&5
configure:5413: $? = 0
configure:5416: result: yes
configure:5441: checking if gcc accepts -Wshorten-64-to-32 option
configure:5461: cat conftest.c 1>&5
int main() { return 0; }
configure:5464: $? = 0
configure:5467: /usr/bin/gcc  -Wshorten-64-to-32 -c conftest.c 1>&5
cc1: error: unrecognized command line option "-Wshorten-64-to-32"
configure:5470: $? = 1
configure:5480: result: no
configure:5498: checking if gcc accepts -Wnewline-eof option
configure:5518: cat conftest.c 1>&5
int main() { return 0; }
configure:5521: $? = 0
configure:5524: /usr/bin/gcc  -Wnewline-eof -c conftest.c 1>&5
cc1: error: unrecognized command line option "-Wnewline-eof"
configure:5527: $? = 1
configure:5536: result: no
configure:5565: 32-bit Simulator build enabled.
configure:5582: LLVM 2.9 Simulator build enabled.
configure:5664: ELFIO location: '/group/project/arc_tools/arcsim/sys/i386/elfio/1.0.3'
configure:5678: LLVM location: '/group/project/arc_tools/arcsim/sys/i386/llvm/RELEASE_29'
configure:5726: error: "sorry...'/usr/bin/g++' compiler not supported"

## ---------------- ##
## Cache variables. ##
## ---------------- ##

ac_cv_build=x86_64-unknown-linux-gnu
ac_cv_c_compiler_gnu=yes
ac_cv_cxx_compiler_gnu=yes
ac_cv_env_CCC_set=
ac_cv_env_CCC_value=
ac_cv_env_CC_set=set
ac_cv_env_CC_value=/usr/bin/gcc
ac_cv_env_CFLAGS_set=set
ac_cv_env_CFLAGS_value='-g3 -gdwarf-2'
ac_cv_env_CPPFLAGS_set=
ac_cv_env_CPPFLAGS_value=
ac_cv_env_CPP_set=
ac_cv_env_CPP_value=
ac_cv_env_CXXFLAGS_set=set
ac_cv_env_CXXFLAGS_value='-g3 -gdwarf-2'
ac_cv_env_CXX_set=set
ac_cv_env_CXX_value=/usr/bin/g++
ac_cv_env_LDFLAGS_set=
ac_cv_env_LDFLAGS_value=
ac_cv_env_LIBS_set=
ac_cv_env_LIBS_value=
ac_cv_env_build_alias_set=
ac_cv_env_build_alias_value=
ac_cv_env_host_alias_set=
ac_cv_env_host_alias_value=
ac_cv_env_target_alias_set=
ac_cv_env_target_alias_value=
ac_cv_header_inttypes_h=yes
ac_cv_header_memory_h=yes
ac_cv_header_stdc=yes
ac_cv_header_stdint_h=yes
ac_cv_header_stdlib_h=yes
ac_cv_header_string_h=yes
ac_cv_header_strings_h=yes
ac_cv_header_sys_stat_h=yes
ac_cv_header_sys_types_h=yes
ac_cv_header_unistd_h=yes
ac_cv_host=x86_64-unknown-linux-gnu
ac_cv_objext=o
ac_cv_path_EGREP='/bin/grep -E'
ac_cv_path_GREP=/bin/grep
ac_cv_path_install='/usr/bin/install -c'
ac_cv_path_mkdir=/bin/mkdir
ac_cv_prog_AWK=gawk
ac_cv_prog_CPP='/usr/bin/gcc -E'
ac_cv_prog_ac_ct_CC=/usr/bin/gcc
ac_cv_prog_ac_ct_RANLIB=ranlib
ac_cv_prog_cc_c89=
ac_cv_prog_cc_g=yes
ac_cv_prog_cxx_g=yes
ac_cv_prog_make_make_set=yes
ac_cv_target=x86_64-unknown-linux-gnu
ac_cv_type___sighandler_t=yes
ac_cv_type_loff_t=yes
ac_cv_type_sig_t=yes
ac_cv_type_sighandler_t=no
am_cv_CC_dependencies_compiler_type=none
am_cv_CXX_dependencies_compiler_type=none

## ----------------- ##
## Output variables. ##
## ----------------- ##

ACLOCAL='${SHELL} /afs/inf.ed.ac.uk/user/s09/s0903605/Documents/trunk/config/missing --run aclocal-1.11'
AMDEPBACKSLASH='\'
AMDEP_FALSE='#'
AMDEP_TRUE=''
AMTAR='${SHELL} /afs/inf.ed.ac.uk/user/s09/s0903605/Documents/trunk/config/missing --run tar'
AR_TOOL='ar cru'
AUTOCONF='${SHELL} /afs/inf.ed.ac.uk/user/s09/s0903605/Documents/trunk/config/missing --run autoconf'
AUTOHEADER='${SHELL} /afs/inf.ed.ac.uk/user/s09/s0903605/Documents/trunk/config/missing --run autoheader'
AUTOMAKE='${SHELL} /afs/inf.ed.ac.uk/user/s09/s0903605/Documents/trunk/config/missing --run automake-1.11'
AWK='gawk'
CC='/usr/bin/gcc'
CCDEPMODE='depmode=none'
CFLAGS='-g3 -gdwarf-2 -flax-vector-conversions'
CPP='/usr/bin/gcc -E'
CPPFLAGS='-DHAVE_MMX -DHAVE_SSE2 -D_GNU_SOURCE -D__STDC_LIMIT_MACROS -D__STDC_CONSTANT_MACROS'
CXX='/usr/bin/g++'
CXXDEPMODE='depmode=none'
CXXFLAGS='-g3 -gdwarf-2 -flax-vector-conversions'
CXXWARNINGS=''
CYGPATH_W='echo'
DEFS=''
DEPDIR='.deps'
ECHO_C=''
ECHO_N='-n'
ECHO_T=''
EGREP='/bin/grep -E'
ELFIO='/group/project/arc_tools/arcsim/sys/i386/elfio/1.0.3'
EXEEXT=''
EXTRA_INCDIRS=''
EXTRA_LIBDIRS=''
EXTRA_LIBS=''
EXTRA_SRCS=''
GREP='/bin/grep'
INSTALL_DATA='${INSTALL} -m 644'
INSTALL_PROGRAM='${INSTALL}'
INSTALL_SCRIPT='${INSTALL}'
INSTALL_STRIP_PROGRAM='$(install_sh) -c -s'
LDFLAGS=''
LIBOBJS=''
LIBS=''
LLVM='/group/project/arc_tools/arcsim/sys/i386/llvm/RELEASE_29'
LLVM_VERSION='29'
LTLIBOBJS=''
MAKEINFO='${SHELL} /afs/inf.ed.ac.uk/user/s09/s0903605/Documents/trunk/config/missing --run makeinfo'
METAWARE=''
MKDIR_P='/bin/mkdir -p'
OBJEXT='o'
PACKAGE='arcsim'
PACKAGE_BUGREPORT=''
PACKAGE_NAME=''
PACKAGE_STRING=''
PACKAGE_TARNAME=''
PACKAGE_VERSION=''
PATH_SEPARATOR=':'
RANLIB='ranlib'
SET_MAKE=''
SHARED_CCFLAGS=''
SHARED_LDFLAGS=''
SHELL='/bin/sh'
SIM_MODE='-DLLVM_VERSION=29 '
STRIP=''
TARGET_ARCH=''
VERSION='1.0'
ac_ct_CC='/usr/bin/gcc'
ac_ct_CXX=''
am__EXEEXT_FALSE=''
am__EXEEXT_TRUE=''
am__fastdepCC_FALSE=''
am__fastdepCC_TRUE='#'
am__fastdepCXX_FALSE=''
am__fastdepCXX_TRUE='#'
am__include='include'
am__isrc=''
am__leading_dot='.'
am__quote=''
am__tar='${AMTAR} chof - "$$tardir"'
am__untar='${AMTAR} xf -'
bindir='${exec_prefix}/bin'
build='x86_64-unknown-linux-gnu'
build_alias=''
build_cpu='x86_64'
build_os='linux-gnu'
build_vendor='unknown'
datadir='${datarootdir}'
datarootdir='${prefix}/share'
docdir='${datarootdir}/doc/${PACKAGE}'
dvidir='${docdir}'
exec_prefix='NONE'
host='x86_64-unknown-linux-gnu'
host_alias=''
host_cpu='x86_64'
host_os='linux-gnu'
host_vendor='unknown'
htmldir='${docdir}'
includedir='${prefix}/include'
infodir='${datarootdir}/info'
install_sh='${SHELL} /afs/inf.ed.ac.uk/user/s09/s0903605/Documents/trunk/config/install-sh'
libdir='${exec_prefix}/lib'
libexecdir='${exec_prefix}/libexec'
localedir='${datarootdir}/locale'
localstatedir='${prefix}/var'
mandir='${datarootdir}/man'
mkdir_p='/bin/mkdir -p'
oldincludedir='/usr/include'
pdfdir='${docdir}'
prefix='NONE'
program_transform_name='s,x,x,'
psdir='${docdir}'
sbindir='${exec_prefix}/sbin'
sharedstatedir='${prefix}/com'
sysconfdir='${prefix}/etc'
target='x86_64-unknown-linux-gnu'
target_alias=''
target_cpu='x86_64'
target_os='linux-gnu'
target_vendor='unknown'

## ----------- ##
## confdefs.h. ##
## ----------- ##

#define PACKAGE_NAME ""
#define PACKAGE_TARNAME ""
#define PACKAGE_VERSION ""
#define PACKAGE_STRING ""
#define PACKAGE_BUGREPORT ""
#define HAVE_SIG_T 1
#define HAVE___SIGHANDLER_T 1
#define STDC_HEADERS 1
#define HAVE_SYS_TYPES_H 1
#define HAVE_SYS_STAT_H 1
#define HAVE_STDLIB_H 1
#define HAVE_STRING_H 1
#define HAVE_MEMORY_H 1
#define HAVE_STRINGS_H 1
#define HAVE_INTTYPES_H 1
#define HAVE_STDINT_H 1
#define HAVE_UNISTD_H 1

configure: exit 1
